<?xml version="1.0" encoding="utf-8" standalone="no"?>
<!--This file represents the results of running a test suite-->
<test-results name="C:\Users\axmje01\documents\Visual Studio 2010\Projects\MultipartParser\MultipartRelatedParser.nunit" total="9" errors="0" failures="0" not-run="0" inconclusive="0" ignored="0" skipped="0" invalid="0" date="2013-09-04" time="14:13:21">
  <environment nunit-version="2.6.2.12296" clr-version="2.0.50727.5466" os-version="Microsoft Windows NT 6.1.7601 Service Pack 1" platform="Win32NT" cwd="C:\Program Files\NUnit 2.6.2\bin" machine-name="AXMJE01-VM1" user="axmje01" user-domain="TANT-A01" />
  <culture-info current-culture="en-US" current-uiculture="en-US" />
  <test-suite type="Project" name="C:\Users\axmje01\documents\Visual Studio 2010\Projects\MultipartParser\MultipartRelatedParser.nunit" executed="True" result="Success" success="True" time="0.243" asserts="0">
    <results>
      <test-suite type="Assembly" name="C:\Users\axmje01\documents\Visual Studio 2010\Projects\MultipartParser\MultipartParser\bin\Debug\MultipartParser.dll" executed="True" result="Success" success="True" time="0.232" asserts="0">
        <results>
          <test-suite type="Namespace" name="MultipartParser" executed="True" result="Success" success="True" time="0.232" asserts="0">
            <results>
              <test-suite type="TestFixture" name="Tests" executed="True" result="Success" success="True" time="0.230" asserts="0">
                <results>
                  <test-case name="MultipartParser.Tests.ContentTypeTest" executed="True" result="Success" success="True" time="0.110" asserts="5" />
                  <test-case name="MultipartParser.Tests.FullContentTest" executed="True" result="Success" success="True" time="0.043" asserts="4" />
                  <test-case name="MultipartParser.Tests.MediaAttributeTest" executed="True" result="Success" success="True" time="0.000" asserts="2" />
                  <test-case name="MultipartParser.Tests.MediaTypeTest" executed="True" result="Success" success="True" time="0.000" asserts="2" />
                  <test-case name="MultipartParser.Tests.NotMediaAttributeTest" executed="True" result="Success" success="True" time="0.011" asserts="0" />
                  <test-case name="MultipartParser.Tests.NotMediaTypeTest" executed="True" result="Success" success="True" time="0.003" asserts="0" />
                  <test-case name="MultipartParser.Tests.NotTokenTest" executed="True" result="Success" success="True" time="0.001" asserts="0" />
                  <test-case name="MultipartParser.Tests.QuotedStringTest" executed="True" result="Success" success="True" time="0.000" asserts="1" />
                  <test-case name="MultipartParser.Tests.TokenTest" executed="True" result="Success" success="True" time="0.001" asserts="1" />
                </results>
              </test-suite>
            </results>
          </test-suite>
        </results>
      </test-suite>
    </results>
  </test-suite>
</test-results>